# JRE version: Java(TM) SE Runtime Environment (8.0_05-b13) (build 1.8.0_05-b13)
# Java VM: Java HotSpot(TM) 64-Bit Server VM (25.5-b02 mixed mode windows-amd64 compressed oops)
Heap:
 PSYoungGen      total 465920K, used 120393K [0x00000000d5580000, 0x0000000100000000, 0x0000000100000000)
  eden space 232960K, 0% used [0x00000000d5580000,0x00000000d5580000,0x00000000e3900000)
  from space 232960K, 51% used [0x00000000f1c80000,0x00000000f9212798,0x0000000100000000)
  to   space 232960K, 0% used [0x00000000e3900000,0x00000000e3900000,0x00000000f1c80000)
 ParOldGen       total 716288K, used 600173K [0x0000000080000000, 0x00000000abb80000, 0x00000000d5580000)
  object space 716288K, 83% used [0x0000000080000000,0x00000000a4a1b628,0x00000000abb80000)
 Metaspace       used 89515K, capacity 93120K, committed 93560K, reserved 1132544K
  class space    used 9187K, capacity 10023K, committed 10360K, reserved 1048576K
GC Heap History (10 events):
Event: 63134.587 GC heap after
Heap after GC invocations=12061 (full 128):
 PSYoungGen      total 465920K, used 60437K [0x00000000d5580000, 0x0000000100000000, 0x0000000100000000)
  eden space 232960K, 0% used [0x00000000d5580000,0x00000000d5580000,0x00000000e3900000)
  from space 232960K, 25% used [0x00000000f1c80000,0x00000000f5785658,0x0000000100000000)
  to   space 232960K, 0% used [0x00000000e3900000,0x00000000e3900000,0x00000000f1c80000)
 ParOldGen       total 716288K, used 176722K [0x0000000080000000, 0x00000000abb80000, 0x00000000d5580000)
  object space 716288K, 24% used [0x0000000080000000,0x000000008ac948b0,0x00000000abb80000)
 Metaspace       used 89466K, capacity 93120K, committed 93560K, reserved 1132544K
  class space    used 9187K, capacity 10023K, committed 10360K, reserved 1048576K
}
Event: 63134.822 GC heap before
{Heap before GC invocations=12062 (full 128):
 PSYoungGen      total 465920K, used 293397K [0x00000000d5580000, 0x0000000100000000, 0x0000000100000000)
  eden space 232960K, 100% used [0x00000000d5580000,0x00000000e3900000,0x00000000e3900000)
  from space 232960K, 25% used [0x00000000f1c80000,0x00000000f5785658,0x0000000100000000)
  to   space 232960K, 0% used [0x00000000e3900000,0x00000000e3900000,0x00000000f1c80000)
 ParOldGen       total 716288K, used 176722K [0x0000000080000000, 0x00000000abb80000, 0x00000000d5580000)
  object space 716288K, 24% used [0x0000000080000000,0x000000008ac948b0,0x00000000abb80000)
 Metaspace       used 89466K, capacity 93120K, committed 93560K, reserved 1132544K
  class space    used 9187K, capacity 10023K, committed 10360K, reserved 1048576K
Event: 63134.888 GC heap after
Heap after GC invocations=12062 (full 128):
 PSYoungGen      total 465920K, used 120789K [0x00000000d5580000, 0x0000000100000000, 0x0000000100000000)
  eden space 232960K, 0% used [0x00000000d5580000,0x00000000d5580000,0x00000000e3900000)
  from space 232960K, 51% used [0x00000000e3900000,0x00000000eaef57a0,0x00000000f1c80000)
  to   space 232960K, 0% used [0x00000000f1c80000,0x00000000f1c80000,0x0000000100000000)
 ParOldGen       total 716288K, used 236893K [0x0000000080000000, 0x00000000abb80000, 0x00000000d5580000)
  object space 716288K, 33% used [0x0000000080000000,0x000000008e757628,0x00000000abb80000)
 Metaspace       used 89466K, capacity 93120K, committed 93560K, reserved 1132544K
  class space    used 9187K, capacity 10023K, committed 10360K, reserved 1048576K
}
Event: 63135.123 GC heap before
{Heap before GC invocations=12063 (full 128):
 PSYoungGen      total 465920K, used 353749K [0x00000000d5580000, 0x0000000100000000, 0x0000000100000000)
  eden space 232960K, 100% used [0x00000000d5580000,0x00000000e3900000,0x00000000e3900000)
  from space 232960K, 51% used [0x00000000e3900000,0x00000000eaef57a0,0x00000000f1c80000)
  to   space 232960K, 0% used [0x00000000f1c80000,0x00000000f1c80000,0x0000000100000000)
 ParOldGen       total 716288K, used 236893K [0x0000000080000000, 0x00000000abb80000, 0x00000000d5580000)
  object space 716288K, 33% used [0x0000000080000000,0x000000008e757628,0x00000000abb80000)
 Metaspace       used 89466K, capacity 93120K, committed 93560K, reserved 1132544K
  class space    used 9187K, capacity 10023K, committed 10360K, reserved 1048576K
Event: 63135.213 GC heap after
Heap after GC invocations=12063 (full 128):
 PSYoungGen      total 465920K, used 120832K [0x00000000d5580000, 0x0000000100000000, 0x0000000100000000)
  eden space 232960K, 0% used [0x00000000d5580000,0x00000000d5580000,0x00000000e3900000)
  from space 232960K, 51% used [0x00000000f1c80000,0x00000000f9280368,0x0000000100000000)
  to   space 232960K, 0% used [0x00000000e3900000,0x00000000e3900000,0x00000000f1c80000)
 ParOldGen       total 716288K, used 358013K [0x0000000080000000, 0x00000000abb80000, 0x00000000d5580000)
  object space 716288K, 49% used [0x0000000080000000,0x0000000095d9f628,0x00000000abb80000)
 Metaspace       used 89466K, capacity 93120K, committed 93560K, reserved 1132544K
  class space    used 9187K, capacity 10023K, committed 10360K, reserved 1048576K
}
Event: 63135.449 GC heap before
{Heap before GC invocations=12064 (full 128):
 PSYoungGen      total 465920K, used 353792K [0x00000000d5580000, 0x0000000100000000, 0x0000000100000000)
  eden space 232960K, 100% used [0x00000000d5580000,0x00000000e3900000,0x00000000e3900000)
  from space 232960K, 51% used [0x00000000f1c80000,0x00000000f9280368,0x0000000100000000)
  to   space 232960K, 0% used [0x00000000e3900000,0x00000000e3900000,0x00000000f1c80000)
 ParOldGen       total 716288K, used 358013K [0x0000000080000000, 0x00000000abb80000, 0x00000000d5580000)
  object space 716288K, 49% used [0x0000000080000000,0x0000000095d9f628,0x00000000abb80000)
 Metaspace       used 89515K, capacity 93120K, committed 93560K, reserved 1132544K
  class space    used 9187K, capacity 10023K, committed 10360K, reserved 1048576K
Event: 63135.548 GC heap after
Heap after GC invocations=12064 (full 128):
 PSYoungGen      total 465920K, used 121169K [0x00000000d5580000, 0x0000000100000000, 0x0000000100000000)
  eden space 232960K, 0% used [0x00000000d5580000,0x00000000d5580000,0x00000000e3900000)
  from space 232960K, 52% used [0x00000000e3900000,0x00000000eaf54518,0x00000000f1c80000)
  to   space 232960K, 0% used [0x00000000f1c80000,0x00000000f1c80000,0x0000000100000000)
 ParOldGen       total 716288K, used 479037K [0x0000000080000000, 0x00000000abb80000, 0x00000000d5580000)
  object space 716288K, 66% used [0x0000000080000000,0x000000009d3cf628,0x00000000abb80000)
 Metaspace       used 89515K, capacity 93120K, committed 93560K, reserved 1132544K
  class space    used 9187K, capacity 10023K, committed 10360K, reserved 1048576K
}
Event: 63135.779 GC heap before
{Heap before GC invocations=12065 (full 128):
 PSYoungGen      total 465920K, used 354129K [0x00000000d5580000, 0x0000000100000000, 0x0000000100000000)
  eden space 232960K, 100% used [0x00000000d5580000,0x00000000e3900000,0x00000000e3900000)
  from space 232960K, 52% used [0x00000000e3900000,0x00000000eaf54518,0x00000000f1c80000)
  to   space 232960K, 0% used [0x00000000f1c80000,0x00000000f1c80000,0x0000000100000000)
 ParOldGen       total 716288K, used 479037K [0x0000000080000000, 0x00000000abb80000, 0x00000000d5580000)
  object space 716288K, 66% used [0x0000000080000000,0x000000009d3cf628,0x00000000abb80000)
 Metaspace       used 89515K, capacity 93120K, committed 93560K, reserved 1132544K
  class space    used 9187K, capacity 10023K, committed 10360K, reserved 1048576K
Event: 63135.866 GC heap after
Heap after GC invocations=12065 (full 128):
 PSYoungGen      total 465920K, used 120393K [0x00000000d5580000, 0x0000000100000000, 0x0000000100000000)
  eden space 232960K, 0% used [0x00000000d5580000,0x00000000d5580000,0x00000000e3900000)
  from space 232960K, 51% used [0x00000000f1c80000,0x00000000f9212798,0x0000000100000000)
  to   space 232960K, 0% used [0x00000000e3900000,0x00000000e3900000,0x00000000f1c80000)
 ParOldGen       total 716288K, used 600173K [0x0000000080000000, 0x00000000abb80000, 0x00000000d5580000)
  object space 716288K, 83% used [0x0000000080000000,0x00000000a4a1b628,0x00000000abb80000)
 Metaspace       used 89515K, capacity 93120K, committed 93560K, reserved 1132544K
  class space    used 9187K, capacity 10023K, committed 10360K, reserved 1048576K
}
Event: 63135.866 GC heap before
{Heap before GC invocations=12066 (full 129):
 PSYoungGen      total 465920K, used 120393K [0x00000000d5580000, 0x0000000100000000, 0x0000000100000000)
  eden space 232960K, 0% used [0x00000000d5580000,0x00000000d5580000,0x00000000e3900000)
  from space 232960K, 51% used [0x00000000f1c80000,0x00000000f9212798,0x0000000100000000)
  to   space 232960K, 0% used [0x00000000e3900000,0x00000000e3900000,0x00000000f1c80000)
 ParOldGen       total 716288K, used 600173K [0x0000000080000000, 0x00000000abb80000, 0x00000000d5580000)
  object space 716288K, 83% used [0x0000000080000000,0x00000000a4a1b628,0x00000000abb80000)
 Metaspace       used 89515K, capacity 93120K, committed 93560K, reserved 1132544K
  class space    used 9187K, capacity 10023K, committed 10360K, reserved 1048576K

